This is pdfTeX, Version 3.14159265-2.6-1.40.19 (TeX Live 2018) (preloaded format=pdflatex 2018.4.16)  31 MAR 2020 17:18
entering extended mode
 restricted \write18 enabled.
 %&-line parsing enabled.
**pnasresearcharticle.sty
(./pnasresearcharticle.sty
LaTeX2e <2018-04-01> patch level 2
Babel <3.18> and hyphenation patterns for 84 language(s) loaded.

LaTeX Warning: You have requested package `',
               but the package provides `pnasresearcharticle'.

Package: pnasresearcharticle 2018/05/06 v1.3 PNAS two column research article s
tyle
! Undefined control sequence.
l.7 \setboolean
               {shortarticle}{true}
The control sequence at the end of the top line
of your error message was never \def'ed. If you have
misspelled it (e.g., `\hobx'), type `I' and the correct
spelling (e.g., `I\hbox'). Otherwise just continue,
and I'll forget about whatever was undefined.


! LaTeX Error: Missing \begin{document}.

See the LaTeX manual or LaTeX Companion for explanation.
Type  H <return>  for immediate help.
 ...                                              
                                                  
l.7 \setboolean{s
                 hortarticle}{true}
You're in trouble here.  Try typing  <return>  to proceed.
If that doesn't work, type  X <return>  to quit.

Missing character: There is no s in font nullfont!
Missing character: There is no h in font nullfont!
Missing character: There is no o in font nullfont!
Missing character: There is no r in font nullfont!
Missing character: There is no t in font nullfont!
Missing character: There is no a in font nullfont!
Missing character: There is no r in font nullfont!
Missing character: There is no t in font nullfont!
Missing character: There is no i in font nullfont!
Missing character: There is no c in font nullfont!
Missing character: There is no l in font nullfont!
Missing character: There is no e in font nullfont!
Missing character: There is no t in font nullfont!
Missing character: There is no r in font nullfont!
Missing character: There is no u in font nullfont!
Missing character: There is no e in font nullfont!

Overfull \hbox (20.0pt too wide) in paragraph at lines 7--10
[] 
 []

! Undefined control sequence.
l.12 \definecolor
                 {color2}{RGB}{130,0,0} % color
The control sequence at the end of the top line
of your error message was never \def'ed. If you have
misspelled it (e.g., `\hobx'), type `I' and the correct
spelling (e.g., `I\hbox'). Otherwise just continue,
and I'll forget about whatever was undefined.


! LaTeX Error: Missing \begin{document}.

See the LaTeX manual or LaTeX Companion for explanation.
Type  H <return>  for immediate help.
 ...                                              
                                                  
l.12 \definecolor{c
                   olor2}{RGB}{130,0,0} % color
You're in trouble here.  Try typing  <return>  to proceed.
If that doesn't work, type  X <return>  to quit.

Missing character: There is no c in font nullfont!
Missing character: There is no o in font nullfont!
Missing character: There is no l in font nullfont!
Missing character: There is no o in font nullfont!
Missing character: There is no r in font nullfont!
Missing character: There is no 2 in font nullfont!
Missing character: There is no R in font nullfont!
Missing character: There is no G in font nullfont!
Missing character: There is no B in font nullfont!
Missing character: There is no 1 in font nullfont!
Missing character: There is no 3 in font nullfont!
Missing character: There is no 0 in font nullfont!
Missing character: There is no , in font nullfont!
Missing character: There is no 0 in font nullfont!
Missing character: There is no , in font nullfont!
Missing character: There is no 0 in font nullfont!

Overfull \hbox (20.0pt too wide) in paragraph at lines 12--13
[] 
 []

(/usr/local/texlive/2018/texmf-dist/tex/latex/float/float.sty
Package: float 2001/11/08 v1.3d Float enhancements (AL)
\c@float@type=\count80
\float@exts=\toks14
\float@box=\box26
\@float@everytoks=\toks15
\@floatcapt=\box27
)
\@float@every@sigstatement=\toks16
\c@sigstatement=\count81

! Undefined control sequence.
l.19 \additionalelement
                       {%
The control sequence at the end of the top line
of your error message was never \def'ed. If you have
misspelled it (e.g., `\hobx'), type `I' and the correct
spelling (e.g., `I\hbox'). Otherwise just continue,
and I'll forget about whatever was undefined.

! Undefined control sequence.
l.20 \afterpage
               {\begin{sigstatement}
The control sequence at the end of the top line
of your error message was never \def'ed. If you have
misspelled it (e.g., `\hobx'), type `I' and the correct
spelling (e.g., `I\hbox'). Otherwise just continue,
and I'll forget about whatever was undefined.


! LaTeX Error: Missing \begin{document}.

See the LaTeX manual or LaTeX Companion for explanation.
Type  H <return>  for immediate help.
 ...                                              
                                                  
l.21 \sffamily
              
You're in trouble here.  Try typing  <return>  to proceed.
If that doesn't work, type  X <return>  to quit.


! LaTeX Error: The font size command \normalsize is not defined:
               there is probably something wrong with the class file.

See the LaTeX manual or LaTeX Companion for explanation.
Type  H <return>  for immediate help.
 ...                                              
                                                  
l.21 \sffamily
              
Your command was ignored.
Type  I <command> <return>  to replace it with another command,
or  <return>  to continue without it.

! Undefined control sequence.
l.22 \mdfdefinestyle
                    {pnassigstyle}{linewidth=0.7pt,backgroundcolor=pnasblueb...
The control sequence at the end of the top line
of your error message was never \def'ed. If you have
misspelled it (e.g., `\hobx'), type `I' and the correct
spelling (e.g., `I\hbox'). Otherwise just continue,
and I'll forget about whatever was undefined.


! LaTeX Error: Environment mdframed undefined.

See the LaTeX manual or LaTeX Companion for explanation.
Type  H <return>  for immediate help.
 ...                                              
                                                  
l.24 	\begin{mdframed}
                      [style=pnassigstyle]%
Your command was ignored.
Type  I <command> <return>  to replace it with another command,
or  <return>  to continue without it.

! Undefined control sequence.
l.25 	\section
              *{Significance Statement}%
The control sequence at the end of the top line
of your error message was never \def'ed. If you have
misspelled it (e.g., `\hobx'), type `I' and the correct
spelling (e.g., `I\hbox'). Otherwise just continue,
and I'll forget about whatever was undefined.


! LaTeX Error: \begin{sigstatement} on input line 20 ended by \end{mdframed}.

See the LaTeX manual or LaTeX Companion for explanation.
Type  H <return>  for immediate help.
 ...                                              
                                                  
l.27 	\end{mdframed}
                    }
Your command was ignored.
Type  I <command> <return>  to replace it with another command,
or  <return>  to continue without it.

! Undefined control sequence.
l.29 \scriptsize
                
The control sequence at the end of the top line
of your error message was never \def'ed. If you have
misspelled it (e.g., `\hobx'), type `I' and the correct
spelling (e.g., `I\hbox'). Otherwise just continue,
and I'll forget about whatever was undefined.


Overfull \hbox (817.91805pt too wide) in paragraph at lines 22--31
[]\OT1/cmss/m/n/10 pnassigstylelinewidth=0.7pt,backgroundcolor=pnasblueback,lin
ecolor=pnasbluetext,fontcolor=pnasbluetext,innertopmargin=6pt,innerrightmargin=
6pt,innerbottommargin=6pt,innerleftmargin=6pt
 []


Overfull \hbox (19.11113pt too wide) in paragraph at lines 22--31
\OT1/cmss/m/n/10 ifun-
 []


Overfull \hbox (12.94444pt too wide) in paragraph at lines 22--31
\OT1/cmss/m/n/10 de-
 []


Overfull \hbox (250.86133pt too wide) in paragraph at lines 22--31
\OT1/cmss/m/n/10 fined@significancestatement[style=pnassigstyle]*Significance
 []


Overfull \hbox (25.36115pt too wide) in paragraph at lines 22--31
\OT1/cmss/m/n/10 State-
 []


Overfull \hbox (35.72224pt too wide) in paragraph at lines 22--31
\OT1/cmss/m/n/10 mentsig-
 []


Overfull \hbox (13.94446pt too wide) in paragraph at lines 22--31
\OT1/cmss/m/n/10 nif-
 []


Overfull \hbox (5.72221pt too wide) in paragraph at lines 22--31
\OT1/cmss/m/n/10 i-
 []


Overfull \hbox (30.47223pt too wide) in paragraph at lines 22--31
\OT1/cmss/m/n/10 cances-
 []


Overfull \hbox (19.80557pt too wide) in paragraph at lines 22--31
\OT1/cmss/m/n/10 tate-
 []


Overfull \hbox (21.16669pt too wide) in paragraph at lines 22--31
\OT1/cmss/m/n/10 ment
 []


Overfull \hbox (19.11113pt too wide) in paragraph at lines 22--31
\OT1/cmss/m/n/10 ifun-
 []


Overfull \hbox (12.94444pt too wide) in paragraph at lines 22--31
\OT1/cmss/m/n/10 de-
 []


Overfull \hbox (189.30583pt too wide) in paragraph at lines 22--31
\OT1/cmss/m/n/10 fined@authorcontributionsauthorcontributions 
 []

! You can't use `\spacefactor' in internal vertical mode.
<recently read> \spacefactor 
                             
l.32 \@
       ifundefined{@authordeclaration}{}{\@authordeclaration}
Sorry, but I'm not programmed to handle this case;
I'll just pretend that you didn't ask for it.
If you're in the wrong mode, you might be able to
return to the right one by typing `I}' or `I$' or `I\par'.

! Missing $ inserted.
<inserted text> 
                $
l.32 \@
       ifundefined{@authordeclaration}{}{\@authordeclaration}
I've inserted a begin-math/end-math symbol since I think
you left one out. Proceed, with fingers crossed.

LaTeX Font Info:    External font `cmex10' loaded for size
(Font)              <7> on input line 32.
LaTeX Font Info:    External font `cmex10' loaded for size
(Font)              <5> on input line 32.
! You can't use `\spacefactor' in math mode.
\@->\spacefactor 
                 \@m {}
l.32 \@ifundefined{@authordeclaration}{}{\@
                                           authordeclaration}
Sorry, but I'm not programmed to handle this case;
I'll just pretend that you didn't ask for it.
If you're in the wrong mode, you might be able to
return to the right one by typing `I}' or `I$' or `I\par'.

! Missing $ inserted.
<inserted text> 
                $
l.33 \vskip
           5pt%
I've inserted a begin-math/end-math symbol since I think
you left one out. Proceed, with fingers crossed.

Missing character: There is no è in font cmex10!
Missing character: There is no è in font cmex10!

Overfull \hbox (225.3761pt too wide) in paragraph at lines 32--33
[]$[]\OML/cmm/m/it/10 ifundefined[][][]$ 
 []

! You can't use `\spacefactor' in internal vertical mode.
<recently read> \spacefactor 
                             
l.34 \@
       ifundefined{@equalauthors}{}{\@equalauthors}
Sorry, but I'm not programmed to handle this case;
I'll just pretend that you didn't ask for it.
If you're in the wrong mode, you might be able to
return to the right one by typing `I}' or `I$' or `I\par'.

! Missing $ inserted.
<inserted text> 
                $
l.34 \@
       ifundefined{@equalauthors}{}{\@equalauthors}
I've inserted a begin-math/end-math symbol since I think
you left one out. Proceed, with fingers crossed.

! You can't use `\spacefactor' in math mode.
\@->\spacefactor 
                 \@m {}
l.34 \@ifundefined{@equalauthors}{}{\@
                                      equalauthors}
Sorry, but I'm not programmed to handle this case;
I'll just pretend that you didn't ask for it.
If you're in the wrong mode, you might be able to
return to the right one by typing `I}' or `I$' or `I\par'.

! Missing $ inserted.
<inserted text> 
                $
l.35 \vskip
           5pt%
I've inserted a begin-math/end-math symbol since I think
you left one out. Proceed, with fingers crossed.

Missing character: There is no è in font cmex10!
Missing character: There is no è in font cmex10!

Overfull \hbox (180.81906pt too wide) in paragraph at lines 34--35
[]$[]\OML/cmm/m/it/10 ifundefined[][][]$ 
 []

! You can't use `\spacefactor' in internal vertical mode.
<recently read> \spacefactor 
                             
l.36 \@
       ifundefined{@correspondingauthor}{}{\@correspondingauthor}
Sorry, but I'm not programmed to handle this case;
I'll just pretend that you didn't ask for it.
If you're in the wrong mode, you might be able to
return to the right one by typing `I}' or `I$' or `I\par'.

! Missing $ inserted.
<inserted text> 
                $
l.36 \@
       ifundefined{@correspondingauthor}{}{\@correspondingauthor}
I've inserted a begin-math/end-math symbol since I think
you left one out. Proceed, with fingers crossed.

! You can't use `\spacefactor' in math mode.
\@->\spacefactor 
                 \@m {}
l.36 \@ifundefined{@correspondingauthor}{}{\@
                                             correspondingauthor}
Sorry, but I'm not programmed to handle this case;
I'll just pretend that you didn't ask for it.
If you're in the wrong mode, you might be able to
return to the right one by typing `I}' or `I$' or `I\par'.

! Missing $ inserted.
<inserted text> 
                $
l.37 \end{sigstatement}
                       }
I've inserted a begin-math/end-math symbol since I think
you left one out. Proceed, with fingers crossed.

Missing character: There is no è in font cmex10!
Missing character: There is no è in font cmex10!

Overfull \hbox (251.62149pt too wide) in paragraph at lines 36--37
[]$[]\OML/cmm/m/it/10 ifundefined[][][]$ 
 []

)
! Emergency stop.
<*> pnasresearcharticle.sty
                           
*** (job aborted, no legal \end found)

 
Here is how much of TeX's memory you used:
 91 strings out of 492649
 1320 string characters out of 6129622
 58720 words of memory out of 5000000
 4068 multiletter control sequences out of 15000+600000
 3945 words of font info for 15 fonts, out of 8000000 for 9000
 1141 hyphenation exceptions out of 8191
 19i,4n,18p,229b,164s stack positions out of 5000i,500n,10000p,200000b,80000s
!  ==> Fatal error occurred, no output PDF file produced!
